[[1;34mINFO[m] Scanning for projects...
[[1;34mINFO[m] 
[[1;34mINFO[m] [1m---------------------< [0;36mcom.example:database-test[0;1m >----------------------[m
[[1;34mINFO[m] [1mBuilding database-test 0.0.1-SNAPSHOT[m
[[1;34mINFO[m] [1m--------------------------------[ jar ]---------------------------------[m
[[1;34mINFO[m] 
[[1;34mINFO[m] [1m--- [0;32mmaven-resources-plugin:3.3.1:resources[m [1m(default-resources)[m @ [36mdatabase-test[0;1m ---[m
[[1;34mINFO[m] Copying 4 resources from src/main/resources to target/classes
[[1;34mINFO[m] Copying 0 resource from src/main/resources to target/classes
[[1;34mINFO[m] 
[[1;34mINFO[m] [1m--- [0;32mmaven-compiler-plugin:3.13.0:compile[m [1m(default-compile)[m @ [36mdatabase-test[0;1m ---[m
[[1;34mINFO[m] Nothing to compile - all classes are up to date.
[[1;34mINFO[m] 
[[1;34mINFO[m] [1m--- [0;32mmaven-resources-plugin:3.3.1:testResources[m [1m(default-testResources)[m @ [36mdatabase-test[0;1m ---[m
[[1;34mINFO[m] skip non existing resourceDirectory /home/ben/Documents/todolistapp/backend/src/test/resources
[[1;34mINFO[m] 
[[1;34mINFO[m] [1m--- [0;32mmaven-compiler-plugin:3.13.0:testCompile[m [1m(default-testCompile)[m @ [36mdatabase-test[0;1m ---[m
[[1;34mINFO[m] Nothing to compile - all classes are up to date.
[[1;34mINFO[m] 
[[1;34mINFO[m] [1m--- [0;32mmaven-surefire-plugin:3.5.2:test[m [1m(default-test)[m @ [36mdatabase-test[0;1m ---[m
[[1;34mINFO[m] Using auto detected provider org.apache.maven.surefire.junitplatform.JUnitPlatformProvider
[[1;34mINFO[m] 
[[1;34mINFO[m] -------------------------------------------------------
[[1;34mINFO[m]  T E S T S
[[1;34mINFO[m] -------------------------------------------------------
[[1;34mINFO[m] Running com.mytodolist.controller.[1mUserControllerTest[m
19:57:11.581 [main] INFO org.springframework.test.context.support.AnnotationConfigContextLoaderUtils -- Could not detect default configuration classes for test class [com.mytodolist.controller.UserControllerTest]: UserControllerTest does not declare any static, non-private, non-final, nested classes annotated with @Configuration.
19:57:11.651 [main] INFO org.springframework.boot.test.context.SpringBootTestContextBootstrapper -- Found @SpringBootConfiguration com.mytodolist.MyTodoList for test class com.mytodolist.controller.UserControllerTest
19:57:11.683 [main] INFO org.springframework.boot.devtools.restart.RestartApplicationListener -- Restart disabled due to context in which it is running

  .   ____          _            __ _ _
 /\\ / ___'_ __ _ _(_)_ __  __ _ \ \ \ \
( ( )\___ | '_ | '_| | '_ \/ _` | \ \ \ \
 \\/  ___)| |_)| | | | | || (_| |  ) ) ) )
  '  |____| .__|_| |_|_| |_\__, | / / / /
 =========|_|==============|___/=/_/_/_/

 :: Spring Boot ::                (v3.4.0)

2025-09-23 19:57:11 - Starting UserControllerTest using Java 21.0.8 with PID 914317 (started by ben in /home/ben/Documents/todolistapp/backend)
2025-09-23 19:57:11 - Running with Spring Boot v3.4.0, Spring v6.2.0
2025-09-23 19:57:11 - The following 1 profile is active: "dev"
2025-09-23 19:57:11 - Refreshing org.springframework.web.context.support.GenericWebApplicationContext@566d0c69
2025-09-23 19:57:13 - 3 mappings in 'requestMappingHandlerMapping'
2025-09-23 19:57:13 - Patterns [/webjars/**, /**] in 'resourceHandlerMapping'
2025-09-23 19:57:13 - ControllerAdvice beans: 0 @ModelAttribute, 0 @InitBinder, 1 RequestBodyAdvice, 1 ResponseBodyAdvice
2025-09-23 19:57:13 - Cannot find template location: classpath:/templates/ (please add some templates, check your Thymeleaf configuration, or set spring.thymeleaf.check-template-location=false)
2025-09-23 19:57:13 - ControllerAdvice beans: 0 @ExceptionHandler, 1 ResponseBodyAdvice
2025-09-23 19:57:13 - Found 2 UserDetailsService beans, with names [inMemoryUserDetailsManager, com.mytodolist.security.userdetails.TodoUserDetailsService#0]. Global Authentication Manager will not use a UserDetailsService for username/password login. Consider publishing a single UserDetailsService bean.
2025-09-23 19:57:13 - Filter 'resourceUrlEncodingFilter' configured for use
2025-09-23 19:57:13 - Initializing Spring TestDispatcherServlet ''
2025-09-23 19:57:13 - Initializing Servlet ''
2025-09-23 19:57:13 - Completed initialization in 1 ms
2025-09-23 19:57:13 - Started UserControllerTest in 1.622 seconds (process running for 2.064)

MockHttpServletRequest:
      HTTP Method = GET
      Request URI = /api/v1/users/me
       Parameters = {_csrf=[Q4YlRPtJYUlwSaY-zhPdZInH_X6L7L4JFjl9ggmzKHVataITe-IUcZl9AC9dLMRf_j7pB7r_0Ea9240kJA5J4DqDSxBsgJQl]}
          Headers = [Content-Type:"application/json;charset=UTF-8"]
             Body = null
    Session Attrs = {SPRING_SECURITY_CONTEXT=SecurityContextImpl [Authentication=UsernamePasswordAuthenticationToken [Principal=com.mytodolist.security.userdetails.TodoUserDetails@40b70f31, Credentials=[PROTECTED], Authenticated=true, Details=null, Granted Authorities=[ROLE_USER]]]}

Handler:
             Type = null

Async:
    Async started = false
     Async result = null

Resolved Exception:
             Type = null

ModelAndView:
        View name = null
             View = null
            Model = null

FlashMap:
       Attributes = null

MockHttpServletResponse:
           Status = 200
    Error message = null
          Headers = [X-Content-Type-Options:"nosniff", X-XSS-Protection:"0", Cache-Control:"no-cache, no-store, max-age=0, must-revalidate", Pragma:"no-cache", Expires:"0", X-Frame-Options:"DENY"]
     Content type = null
             Body = 
    Forwarded URL = null
   Redirected URL = null
          Cookies = []
[[1;31mERROR[m] [1;31mTests [0;1mrun: [0;1m2[m, [1;31mFailures: [0;1;31m1[m, Errors: 0, Skipped: 0, Time elapsed: 1.884 s[1;31m <<< FAILURE![m -- in com.mytodolist.controller.[1mUserControllerTest[m
[[1;31mERROR[m] com.mytodolist.controller.UserControllerTest.testGetUserProfile -- Time elapsed: 0.024 s <<< FAILURE!
java.lang.AssertionError: No value at JSON path "$.id"
	at org.springframework.test.util.JsonPathExpectationsHelper.evaluateJsonPath(JsonPathExpectationsHelper.java:351)
	at org.springframework.test.util.JsonPathExpectationsHelper.assertValue(JsonPathExpectationsHelper.java:148)
	at org.springframework.test.web.servlet.result.JsonPathResultMatchers.lambda$value$2(JsonPathResultMatchers.java:112)
	at org.springframework.test.web.servlet.MockMvc$1.andExpect(MockMvc.java:214)
	at com.mytodolist.controller.UserControllerTest.testGetUserProfile(UserControllerTest.java:101)
	at java.base/java.lang.reflect.Method.invoke(Method.java:580)
	at java.base/java.util.ArrayList.forEach(ArrayList.java:1596)
	at java.base/java.util.ArrayList.forEach(ArrayList.java:1596)
Caused by: java.lang.IllegalArgumentException: json can not be null or empty
	at com.jayway.jsonpath.internal.Utils.notEmpty(Utils.java:401)
	at com.jayway.jsonpath.JsonPath.read(JsonPath.java:390)
	at org.springframework.test.util.JsonPathExpectationsHelper.evaluateJsonPath(JsonPathExpectationsHelper.java:348)
	... 7 more

[[1;34mINFO[m] Running com.mytodolist.controller.[1mEntryControllerTest[m
2025-09-23 19:57:13 - Could not detect default configuration classes for test class [com.mytodolist.controller.EntryControllerTest]: EntryControllerTest does not declare any static, non-private, non-final, nested classes annotated with @Configuration.
2025-09-23 19:57:13 - Found @SpringBootConfiguration com.mytodolist.MyTodoList for test class com.mytodolist.controller.EntryControllerTest
2025-09-23 19:57:13 - Restart disabled due to context in which it is running
2025-09-23 19:57:13 - Initialized Dotenv with DotenvConfig{directory=null, filename=null, ignoreIfMalformed=false, ignoreIfMissing=true, systemProperties=false, prefix=null}

  .   ____          _            __ _ _
 /\\ / ___'_ __ _ _(_)_ __  __ _ \ \ \ \
( ( )\___ | '_ | '_| | '_ \/ _` | \ \ \ \
 \\/  ___)| |_)| | | | | || (_| |  ) ) ) )
  '  |____| .__|_| |_|_| |_\__, | / / / /
 =========|_|==============|___/=/_/_/_/

 :: Spring Boot ::                (v3.4.0)

2025-09-23 19:57:13 - Starting EntryControllerTest using Java 21.0.8 with PID 914317 (started by ben in /home/ben/Documents/todolistapp/backend)
2025-09-23 19:57:13 - Running with Spring Boot v3.4.0, Spring v6.2.0
2025-09-23 19:57:13 - The following 1 profile is active: "dev"
2025-09-23 19:57:13 - Refreshing org.springframework.web.context.support.GenericWebApplicationContext@20b67366
2025-09-23 19:57:13 - 6 mappings in 'requestMappingHandlerMapping'
2025-09-23 19:57:13 - Patterns [/webjars/**, /**] in 'resourceHandlerMapping'
2025-09-23 19:57:13 - ControllerAdvice beans: 0 @ModelAttribute, 0 @InitBinder, 1 RequestBodyAdvice, 1 ResponseBodyAdvice
2025-09-23 19:57:13 - Cannot find template location: classpath:/templates/ (please add some templates, check your Thymeleaf configuration, or set spring.thymeleaf.check-template-location=false)
2025-09-23 19:57:13 - ControllerAdvice beans: 0 @ExceptionHandler, 1 ResponseBodyAdvice
2025-09-23 19:57:13 - Found 2 UserDetailsService beans, with names [inMemoryUserDetailsManager, com.mytodolist.security.userdetails.TodoUserDetailsService#0]. Global Authentication Manager will not use a UserDetailsService for username/password login. Consider publishing a single UserDetailsService bean.
2025-09-23 19:57:13 - Filter 'resourceUrlEncodingFilter' configured for use
2025-09-23 19:57:13 - Initializing Spring TestDispatcherServlet ''
2025-09-23 19:57:13 - Initializing Servlet ''
2025-09-23 19:57:13 - Completed initialization in 0 ms
2025-09-23 19:57:13 - Started EntryControllerTest in 0.241 seconds (process running for 2.419)

MockHttpServletRequest:
      HTTP Method = PUT
      Request URI = /api/v1/entries/1
       Parameters = {_csrf=[u-uS1_WN_61PNujuEehZ_MIoEIFHGv1xrJvY9rkpd1LovOXRg9rz58bonJ9iAIuId8VtyfUdPeB3Iplcz_jgxoEbRzeO2Nfn]}
          Headers = [Content-Type:"application/json;charset=UTF-8", Content-Length:"19"]
             Body = "I've been updated"
    Session Attrs = {SPRING_SECURITY_CONTEXT=SecurityContextImpl [Authentication=UsernamePasswordAuthenticationToken [Principal=com.mytodolist.security.userdetails.TodoUserDetails@15a2fddd, Credentials=[PROTECTED], Authenticated=true, Details=null, Granted Authorities=[ROLE_USER]]]}

Handler:
             Type = null

Async:
    Async started = false
     Async result = null

Resolved Exception:
             Type = null

ModelAndView:
        View name = null
             View = null
            Model = null

FlashMap:
       Attributes = null

MockHttpServletResponse:
           Status = 200
    Error message = null
          Headers = [X-Content-Type-Options:"nosniff", X-XSS-Protection:"0", Cache-Control:"no-cache, no-store, max-age=0, must-revalidate", Pragma:"no-cache", Expires:"0", X-Frame-Options:"DENY"]
     Content type = null
             Body = 
    Forwarded URL = null
   Redirected URL = null
          Cookies = []

MockHttpServletRequest:
      HTTP Method = DELETE
      Request URI = /api/v1/entries/1
       Parameters = {_csrf=[iRNbUTM7HwgMce3UWrfwqUEu3T9hnSD1oviDpnJieMGM4UJZ6CA4ZVIIKD4hQ4vnbJrEm3Ae8F5XpEXYxsHmn0FbTPnvgyFh]}
          Headers = [Content-Type:"application/json;charset=UTF-8", Content-Length:"2"]
             Body = {}
    Session Attrs = {SPRING_SECURITY_CONTEXT=SecurityContextImpl [Authentication=UsernamePasswordAuthenticationToken [Principal=com.mytodolist.security.userdetails.TodoUserDetails@4cbb11e4, Credentials=[PROTECTED], Authenticated=true, Details=null, Granted Authorities=[ROLE_USER]]]}

Handler:
             Type = null

Async:
    Async started = false
     Async result = null

Resolved Exception:
             Type = null

ModelAndView:
        View name = null
             View = null
            Model = null

FlashMap:
       Attributes = null

MockHttpServletResponse:
           Status = 200
    Error message = null
          Headers = [X-Content-Type-Options:"nosniff", X-XSS-Protection:"0", Cache-Control:"no-cache, no-store, max-age=0, must-revalidate", Pragma:"no-cache", Expires:"0", X-Frame-Options:"DENY"]
     Content type = null
             Body = 
    Forwarded URL = null
   Redirected URL = null
          Cookies = []

MockHttpServletRequest:
      HTTP Method = GET
      Request URI = /api/v1/entries
       Parameters = {_csrf=[PbyrES9OBDXiDyY6BuAjcQwLdS4p-65U6m3FhpVkT8J-pzUQBN2SKUwtPFbPahMNZc0XEG5oWBYRwp553gijvqQHdvoalVYn]}
          Headers = []
             Body = null
    Session Attrs = {SPRING_SECURITY_CONTEXT=SecurityContextImpl [Authentication=UsernamePasswordAuthenticationToken [Principal=com.mytodolist.security.userdetails.TodoUserDetails@758ebec4, Credentials=[PROTECTED], Authenticated=true, Details=null, Granted Authorities=[ROLE_USER]]]}

Handler:
             Type = null

Async:
    Async started = false
     Async result = null

Resolved Exception:
             Type = null

ModelAndView:
        View name = null
             View = null
            Model = null

FlashMap:
       Attributes = null

MockHttpServletResponse:
           Status = 200
    Error message = null
          Headers = [X-Content-Type-Options:"nosniff", X-XSS-Protection:"0", Cache-Control:"no-cache, no-store, max-age=0, must-revalidate", Pragma:"no-cache", Expires:"0", X-Frame-Options:"DENY"]
     Content type = null
             Body = 
    Forwarded URL = null
   Redirected URL = null
          Cookies = []

MockHttpServletRequest:
      HTTP Method = GET
      Request URI = /api/v1/entries
       Parameters = {_csrf=[JvGmIAIR7cd8nuwlwSLCoBA5ye9NKGEKdBsPEJNit8Tnw1d6F5DCFmd13PJRrdsRoA_2wSlY5NYpHFcnFX5rcfZW1vOG9GVP]}
          Headers = []
             Body = null
    Session Attrs = {SPRING_SECURITY_CONTEXT=SecurityContextImpl [Authentication=UsernamePasswordAuthenticationToken [Principal=com.mytodolist.security.userdetails.TodoUserDetails@cc7909f, Credentials=[PROTECTED], Authenticated=true, Details=null, Granted Authorities=[ROLE_USER]]]}

Handler:
             Type = null

Async:
    Async started = false
     Async result = null

Resolved Exception:
             Type = null

ModelAndView:
        View name = null
             View = null
            Model = null

FlashMap:
       Attributes = null

MockHttpServletResponse:
           Status = 200
    Error message = null
          Headers = [X-Content-Type-Options:"nosniff", X-XSS-Protection:"0", Cache-Control:"no-cache, no-store, max-age=0, must-revalidate", Pragma:"no-cache", Expires:"0", X-Frame-Options:"DENY"]
     Content type = null
             Body = 
    Forwarded URL = null
   Redirected URL = null
          Cookies = []

MockHttpServletRequest:
      HTTP Method = POST
      Request URI = /api/v1/entries
       Parameters = {_csrf=[WQF5XFrz8EH9HBfphBCivLnXGfRljVucwkWe27hi4UOCkXMPa2Mbb2jHlCXQenLcsz2W2d-0NMwB7D2x8nWmutpbhyfg90c6]}
          Headers = [Content-Type:"application/json;charset=UTF-8", Content-Length:"31"]
             Body = {"entryBody":"Test entry body"}
    Session Attrs = {SPRING_SECURITY_CONTEXT=SecurityContextImpl [Authentication=UsernamePasswordAuthenticationToken [Principal=com.mytodolist.security.userdetails.TodoUserDetails@1d57b8f1, Credentials=[PROTECTED], Authenticated=true, Details=null, Granted Authorities=[ROLE_USER]]]}

Handler:
             Type = null

Async:
    Async started = false
     Async result = null

Resolved Exception:
             Type = null

ModelAndView:
        View name = null
             View = null
            Model = null

FlashMap:
       Attributes = null

MockHttpServletResponse:
           Status = 200
    Error message = null
          Headers = [X-Content-Type-Options:"nosniff", X-XSS-Protection:"0", Cache-Control:"no-cache, no-store, max-age=0, must-revalidate", Pragma:"no-cache", Expires:"0", X-Frame-Options:"DENY"]
     Content type = null
             Body = 
    Forwarded URL = null
   Redirected URL = null
          Cookies = []

MockHttpServletRequest:
      HTTP Method = PUT
      Request URI = /api/v1/entries/1
       Parameters = {_csrf=[ZC6zsoXxCAUUswtuEolHwsTEBolV3xER3vU2Wem9SkkWXWclXR6Bi7XJbjA5ij1XdKRz9fz9K7BguXc8u5RVYN-PK3gnPAJH]}
          Headers = [Content-Type:"application/json;charset=UTF-8", Content-Length:"19"]
             Body = "I've been updated"
    Session Attrs = {SPRING_SECURITY_CONTEXT=SecurityContextImpl [Authentication=UsernamePasswordAuthenticationToken [Principal=com.mytodolist.security.userdetails.TodoUserDetails@6f8fb906, Credentials=[PROTECTED], Authenticated=true, Details=null, Granted Authorities=[ROLE_USER]]]}

Handler:
             Type = null

Async:
    Async started = false
     Async result = null

Resolved Exception:
             Type = null

ModelAndView:
        View name = null
             View = null
            Model = null

FlashMap:
       Attributes = null

MockHttpServletResponse:
           Status = 200
    Error message = null
          Headers = [X-Content-Type-Options:"nosniff", X-XSS-Protection:"0", Cache-Control:"no-cache, no-store, max-age=0, must-revalidate", Pragma:"no-cache", Expires:"0", X-Frame-Options:"DENY"]
     Content type = null
             Body = 
    Forwarded URL = null
   Redirected URL = null
          Cookies = []
[[1;31mERROR[m] [1;31mTests [0;1mrun: [0;1m7[m, [1;31mFailures: [0;1;31m6[m, [1;31mErrors: [0;1;31m1[m, Skipped: 0, Time elapsed: 0.322 s[1;31m <<< FAILURE![m -- in com.mytodolist.controller.[1mEntryControllerTest[m
[[1;31mERROR[m] com.mytodolist.controller.EntryControllerTest.testUpdateEntry_NotFound -- Time elapsed: 0.008 s <<< FAILURE!
java.lang.AssertionError: Status expected:<404> but was:<200>
	at org.springframework.test.util.AssertionErrors.fail(AssertionErrors.java:61)
	at org.springframework.test.util.AssertionErrors.assertEquals(AssertionErrors.java:128)
	at org.springframework.test.web.servlet.result.StatusResultMatchers.lambda$matcher$9(StatusResultMatchers.java:640)
	at org.springframework.test.web.servlet.MockMvc$1.andExpect(MockMvc.java:214)
	at com.mytodolist.controller.EntryControllerTest.testUpdateEntry_NotFound(EntryControllerTest.java:209)
	at java.base/java.lang.reflect.Method.invoke(Method.java:580)
	at java.base/java.util.ArrayList.forEach(ArrayList.java:1596)
	at java.base/java.util.ArrayList.forEach(ArrayList.java:1596)

[[1;31mERROR[m] com.mytodolist.controller.EntryControllerTest.testDeleteEntry -- Time elapsed: 0.008 s <<< FAILURE!
java.lang.AssertionError: Status expected:<204> but was:<200>
	at org.springframework.test.util.AssertionErrors.fail(AssertionErrors.java:61)
	at org.springframework.test.util.AssertionErrors.assertEquals(AssertionErrors.java:128)
	at org.springframework.test.web.servlet.result.StatusResultMatchers.lambda$matcher$9(StatusResultMatchers.java:640)
	at org.springframework.test.web.servlet.MockMvc$1.andExpect(MockMvc.java:214)
	at com.mytodolist.controller.EntryControllerTest.testDeleteEntry(EntryControllerTest.java:254)
	at java.base/java.lang.reflect.Method.invoke(Method.java:580)
	at java.base/java.util.ArrayList.forEach(ArrayList.java:1596)
	at java.base/java.util.ArrayList.forEach(ArrayList.java:1596)

[[1;31mERROR[m] com.mytodolist.controller.EntryControllerTest.testGetEntries_NoEntries -- Time elapsed: 0.008 s <<< FAILURE!
java.lang.AssertionError: No value at JSON path "$"
	at org.springframework.test.util.JsonPathExpectationsHelper.evaluateJsonPath(JsonPathExpectationsHelper.java:351)
	at org.springframework.test.util.JsonPathExpectationsHelper.assertValue(JsonPathExpectationsHelper.java:106)
	at org.springframework.test.web.servlet.result.JsonPathResultMatchers.lambda$value$0(JsonPathResultMatchers.java:88)
	at org.springframework.test.web.servlet.MockMvc$1.andExpect(MockMvc.java:214)
	at com.mytodolist.controller.EntryControllerTest.testGetEntries_NoEntries(EntryControllerTest.java:128)
	at java.base/java.lang.reflect.Method.invoke(Method.java:580)
	at java.base/java.util.ArrayList.forEach(ArrayList.java:1596)
	at java.base/java.util.ArrayList.forEach(ArrayList.java:1596)
Caused by: java.lang.IllegalArgumentException: json can not be null or empty
	at com.jayway.jsonpath.internal.Utils.notEmpty(Utils.java:401)
	at com.jayway.jsonpath.JsonPath.read(JsonPath.java:390)
	at org.springframework.test.util.JsonPathExpectationsHelper.evaluateJsonPath(JsonPathExpectationsHelper.java:348)
	... 7 more

[[1;31mERROR[m] com.mytodolist.controller.EntryControllerTest.testGetEntries -- Time elapsed: 0.006 s <<< FAILURE!
java.lang.AssertionError: Content type not set
	at org.springframework.test.util.AssertionErrors.fail(AssertionErrors.java:39)
	at org.springframework.test.util.AssertionErrors.assertTrue(AssertionErrors.java:73)
	at org.springframework.test.util.AssertionErrors.assertNotNull(AssertionErrors.java:112)
	at org.springframework.test.web.servlet.result.ContentResultMatchers.lambda$contentType$0(ContentResultMatchers.java:85)
	at org.springframework.test.web.servlet.MockMvc$1.andExpect(MockMvc.java:214)
	at com.mytodolist.controller.EntryControllerTest.testGetEntries(EntryControllerTest.java:114)
	at java.base/java.lang.reflect.Method.invoke(Method.java:580)
	at java.base/java.util.ArrayList.forEach(ArrayList.java:1596)
	at java.base/java.util.ArrayList.forEach(ArrayList.java:1596)

[[1;31mERROR[m] com.mytodolist.controller.EntryControllerTest.testUpdateEntry -- Time elapsed: 0.007 s <<< ERROR!
org.mockito.exceptions.misusing.InvalidUseOfMatchersException: 

Invalid use of argument matchers!
2 matchers expected, 1 recorded:
-> at com.mytodolist.controller.EntryControllerTest.testUpdateEntry(EntryControllerTest.java:224)

This exception may occur if matchers are combined with raw values:
    //incorrect:
    someMethod(any(), "raw String");
When using matchers, all arguments have to be provided by matchers.
For example:
    //correct:
    someMethod(any(), eq("String by matcher"));

For more info see javadoc for Matchers class.

	at com.mytodolist.services.EntryService.updateEntryById(EntryService.java:46)
	at com.mytodolist.controller.EntryControllerTest.testUpdateEntry(EntryControllerTest.java:224)
	at java.base/java.lang.reflect.Method.invoke(Method.java:580)
	at java.base/java.util.ArrayList.forEach(ArrayList.java:1596)
	at java.base/java.util.ArrayList.forEach(ArrayList.java:1596)

[[1;31mERROR[m] com.mytodolist.controller.EntryControllerTest.testCreateEntry -- Time elapsed: 0.004 s <<< FAILURE!
java.lang.AssertionError: Status expected:<201> but was:<200>
	at org.springframework.test.util.AssertionErrors.fail(AssertionErrors.java:61)
	at org.springframework.test.util.AssertionErrors.assertEquals(AssertionErrors.java:128)
	at org.springframework.test.web.servlet.result.StatusResultMatchers.lambda$matcher$9(StatusResultMatchers.java:640)
	at org.springframework.test.web.servlet.MockMvc$1.andExpect(MockMvc.java:214)
	at com.mytodolist.controller.EntryControllerTest.testCreateEntry(EntryControllerTest.java:169)
	at java.base/java.lang.reflect.Method.invoke(Method.java:580)
	at java.base/java.util.ArrayList.forEach(ArrayList.java:1596)
	at java.base/java.util.ArrayList.forEach(ArrayList.java:1596)

[[1;31mERROR[m] com.mytodolist.controller.EntryControllerTest.testUpdateEntry_Unauthorized -- Time elapsed: 0.004 s <<< FAILURE!
java.lang.AssertionError: Status expected:<403> but was:<200>
	at org.springframework.test.util.AssertionErrors.fail(AssertionErrors.java:61)
	at org.springframework.test.util.AssertionErrors.assertEquals(AssertionErrors.java:128)
	at org.springframework.test.web.servlet.result.StatusResultMatchers.lambda$matcher$9(StatusResultMatchers.java:640)
	at org.springframework.test.web.servlet.MockMvc$1.andExpect(MockMvc.java:214)
	at com.mytodolist.controller.EntryControllerTest.testUpdateEntry_Unauthorized(EntryControllerTest.java:192)
	at java.base/java.lang.reflect.Method.invoke(Method.java:580)
	at java.base/java.util.ArrayList.forEach(ArrayList.java:1596)
	at java.base/java.util.ArrayList.forEach(ArrayList.java:1596)

[[1;34mINFO[m] Running com.mytodolist.service.[1mEntryServiceTest[m
2025-09-23 19:57:13 - Creating entry for user: testuser
2025-09-23 19:57:13 - Entry body: Test entry body
[[1;34mINFO[m] [1;32mTests run: [0;1;32m6[m, Failures: 0, Errors: 0, Skipped: 0, Time elapsed: 0.178 s -- in com.mytodolist.service.[1mEntryServiceTest[m
[[1;34mINFO[m] Running com.mytodolist.service.[1mUserServiceTest[m
[[1;34mINFO[m] [1;32mTests run: [0;1;32m4[m, Failures: 0, Errors: 0, Skipped: 0, Time elapsed: 0.004 s -- in com.mytodolist.service.[1mUserServiceTest[m
[[1;34mINFO[m] 
[[1;34mINFO[m] Results:
[[1;34mINFO[m] 
[[1;31mERROR[m] [1;31mFailures: [m
[[1;31mERROR[m] [1;31m  EntryControllerTest.testCreateEntry:169 Status expected:<201> but was:<200>[m
[[1;31mERROR[m] [1;31m  EntryControllerTest.testDeleteEntry:254 Status expected:<204> but was:<200>[m
[[1;31mERROR[m] [1;31m  EntryControllerTest.testGetEntries:114 Content type not set[m
[[1;31mERROR[m] [1;31m  EntryControllerTest.testGetEntries_NoEntries:128 No value at JSON path "$"[m
[[1;31mERROR[m] [1;31m  EntryControllerTest.testUpdateEntry_NotFound:209 Status expected:<404> but was:<200>[m
[[1;31mERROR[m] [1;31m  EntryControllerTest.testUpdateEntry_Unauthorized:192 Status expected:<403> but was:<200>[m
[[1;31mERROR[m] [1;31m  UserControllerTest.testGetUserProfile:101 No value at JSON path "$.id"[m
[[1;31mERROR[m] [1;31mErrors: [m
[[1;31mERROR[m] [1;31m  EntryControllerTest.testUpdateEntry:224 Â» InvalidUseOfMatchers 
Invalid use of argument matchers!
2 matchers expected, 1 recorded:
-> at com.mytodolist.controller.EntryControllerTest.testUpdateEntry(EntryControllerTest.java:224)

This exception may occur if matchers are combined with raw values:
    //incorrect:
    someMethod(any(), "raw String");
When using matchers, all arguments have to be provided by matchers.
For example:
    //correct:
    someMethod(any(), eq("String by matcher"));

For more info see javadoc for Matchers class.
[m
[[1;34mINFO[m] 
[[1;31mERROR[m] [1;31mTests run: 19, Failures: 7, Errors: 1, Skipped: 0[m
[[1;34mINFO[m] 
[[1;34mINFO[m] [1m------------------------------------------------------------------------[m
[[1;34mINFO[m] [1;31mBUILD FAILURE[m
[[1;34mINFO[m] [1m------------------------------------------------------------------------[m
[[1;34mINFO[m] Total time:  3.306 s
[[1;34mINFO[m] Finished at: 2025-09-23T19:57:13-07:00
[[1;34mINFO[m] [1m------------------------------------------------------------------------[m
[[1;31mERROR[m] Failed to execute goal [32morg.apache.maven.plugins:maven-surefire-plugin:3.5.2:test[m [1m(default-test)[m on project [36mdatabase-test[m: [1;31mThere are test failures.[m
[[1;31mERROR[m] [1;31m[m
[[1;31mERROR[m] [1;31mSee /home/ben/Documents/todolistapp/backend/target/surefire-reports for the individual test results.[m
[[1;31mERROR[m] [1;31mSee dump files (if any exist) [date].dump, [date]-jvmRun[N].dump and [date].dumpstream.[m
[[1;31mERROR[m] -> [1m[Help 1][m
[[1;31mERROR[m] 
[[1;31mERROR[m] To see the full stack trace of the errors, re-run Maven with the [1m-e[m switch.
[[1;31mERROR[m] Re-run Maven using the [1m-X[m switch to enable full debug logging.
[[1;31mERROR[m] 
[[1;31mERROR[m] For more information about the errors and possible solutions, please read the following articles:
[[1;31mERROR[m] [1m[Help 1][m http://cwiki.apache.org/confluence/display/MAVEN/MojoFailureException
